<?xml version="1.0" encoding="UTF-8"?>
<!-- Generated by org.testng.reporters.JUnitXMLReporter -->
<testsuite hostname="SumanSuma" ignored="0" name="Test" tests="1" failures="0" timestamp="2023-07-27T19:31:27 IST" time="0.131" errors="0">
  <testcase name="@BeforeClass bcConfig" time="0.012" classname="Vtiger.GenericUtilities.BaseClass">
    <failure type="java.lang.NullPointerException">
      <![CDATA[java.lang.NullPointerException
at Vtiger.GenericUtilities.BaseClass.bcConfig(BaseClass.java:48)
at java.util.ArrayList.forEach(Unknown Source)
... Removed 25 stack frames]]>
    </failure>
  </testcase> <!-- @BeforeClass bcConfig -->
  <testcase name="@BeforeMethod bmConfig" time="0.044" classname="Vtiger.GenericUtilities.BaseClass">
    <failure type="java.lang.NullPointerException">
      <![CDATA[java.lang.NullPointerException
at org.openqa.selenium.support.pagefactory.DefaultElementLocator.findElement(DefaultElementLocator.java:70)
at org.openqa.selenium.support.pagefactory.internal.LocatingElementHandler.invoke(LocatingElementHandler.java:39)
at com.sun.proxy.$Proxy14.sendKeys(Unknown Source)
at Vtiger.ObjectRepository.LoginPage.loginToApp(LoginPage.java:47)
at Vtiger.GenericUtilities.BaseClass.bmConfig(BaseClass.java:81)
at java.util.ArrayList.forEach(Unknown Source)
... Removed 31 stack frames]]>
    </failure>
  </testcase> <!-- @BeforeMethod bmConfig -->
  <testcase name="@AfterMethod amConfig" time="0.005" classname="Vtiger.GenericUtilities.BaseClass">
    <failure type="java.lang.IllegalArgumentException" message="Driver must be set">
      <![CDATA[java.lang.IllegalArgumentException: Driver must be set
at org.openqa.selenium.internal.Require.nonNull(Require.java:59)
at org.openqa.selenium.interactions.Actions.<init>(Actions.java:60)
at Vtiger.GenericUtilities.WebDriverUtility.mouseHoverAction(WebDriverUtility.java:105)
at Vtiger.ObjectRepository.HomePage.logoutOfApp(HomePage.java:77)
at Vtiger.GenericUtilities.BaseClass.amConfig(BaseClass.java:91)
at java.util.ArrayList.forEach(Unknown Source)
... Removed 32 stack frames]]>
    </failure>
  </testcase> <!-- @AfterMethod amConfig -->
  <testcase name="@AfterClass acConfig" time="0.002" classname="Vtiger.GenericUtilities.BaseClass">
    <failure type="java.lang.NullPointerException">
      <![CDATA[java.lang.NullPointerException
at Vtiger.GenericUtilities.BaseClass.acConfig(BaseClass.java:100)
at java.util.ArrayList.forEach(Unknown Source)
... Removed 25 stack frames]]>
    </failure>
  </testcase> <!-- @AfterClass acConfig -->
  <testcase name="createContactWithOrgTest" time="0.0" classname="Vtiger.Contacts.test.CreateContactWithOrganizationTest">
    <skipped/>
  </testcase> <!-- createContactWithOrgTest -->
</testsuite> <!-- Test -->
